#
# A fatal error has been detected by the Java Runtime Environment:
#
#  EXCEPTION_ACCESS_VIOLATION (0xc0000005) at pc=0x77bb62a8, pid=74160, tid=71104
#
# JRE version:  (8.0_25-b18) (build )
# Java VM: Java HotSpot(TM) Client VM (25.25-b02 mixed mode windows-x86 )
# Problematic frame:
# C  [ntdll.dll+0x462a8]
#
# Failed to write core dump. Minidumps are not enabled by default on client versions of Windows
#
# If you would like to submit a bug report, please visit:
#   http://bugreport.sun.com/bugreport/crash.jsp
# The crash happened outside the Java Virtual Machine in native code.
# See problematic frame for where to report the bug.
#

---------------  T H R E A D  ---------------

Current thread (0x00c7c000):  JavaThread "main" [_thread_in_native, id=71104, stack(0x00bf0000,0x00c40000)]

siginfo: ExceptionCode=0xc0000005, reading address 0x76e11008

Registers:
EAX=0x0000060f, EBX=0x00000000, ECX=0x00310fe4, EDX=0x00007098
ESP=0x00c3f028, EBP=0x00c3f048, ESI=0x76b00000, EDI=0x76e10fe4
EIP=0x77bb62a8, EFLAGS=0x00010246

Top of Stack: (sp=0x00c3f028)
0x00c3f028:   005d34c0 005d3418 76b00000 00000000
0x00c3f038:   00007098 76e10fe4 76b00000 66cd4868
0x00c3f048:   00c3f150 77bb6095 00000000 00c3f06c
0x00c3f058:   00c7c000 66cd4868 76b00000 660838de
0x00c3f068:   00c7c6d4 00c3f0bc 66cd4868 005d3418
0x00c3f078:   00000000 660839af 005d34c0 00000000
0x00c3f088:   00c3f0ec 00c3f0ec 00000000 00c3f0ec
0x00c3f098:   00000000 66cc76d3 00c3f18c 446f7470 

Instructions: (pc=0x77bb62a8)
0x77bb6288:   ff e9 8a 0c 03 00 f6 05 00 c1 c6 77 05 0f 85 b4
0x77bb6298:   01 06 00 32 c0 0f 85 6d e8 01 00 8b 47 18 33 db
0x77bb62a8:   8b 77 24 8b 57 20 8b 4d f8 03 f1 03 d1 89 75 ec
0x77bb62b8:   89 55 08 8d 78 ff 83 f8 ff 0f 86 32 10 03 00 e9 


Register to memory mapping:

EAX=0x0000060f is an unknown value
EBX=0x00000000 is an unknown value
ECX=0x00310fe4 is an unknown value
EDX=0x00007098 is an unknown value
ESP=0x00c3f028 is pointing into the stack for thread: 0x00c7c000
EBP=0x00c3f048 is pointing into the stack for thread: 0x00c7c000
ESI=0x76b00000 is an unknown value
EDI=0x76e10fe4 is an unknown value


Stack: [0x00bf0000,0x00c40000],  sp=0x00c3f028,  free space=316k
Native frames: (J=compiled Java code, j=interpreted, Vv=VM code, C=native code)
C  [ntdll.dll+0x462a8]
C  [ntdll.dll+0x46095]
C  [KERNELBASE.dll+0x13095]
C  [KERNEL32.DLL+0x19820]
C  [java.dll+0x76d3]
j  java.io.WinNTFileSystem.initIDs()V+0
j  java.io.WinNTFileSystem.<clinit>()V+8
v  ~StubRoutines::call_stub
V  [jvm.dll+0x147285]
V  [jvm.dll+0x20d19e]
V  [jvm.dll+0x14731e]
V  [jvm.dll+0xb3c16]
V  [jvm.dll+0xb5151]
V  [jvm.dll+0xb5328]
V  [jvm.dll+0x76261]
j  java.io.DefaultFileSystem.getFileSystem()Ljava/io/FileSystem;+0
j  java.io.File.<clinit>()V+16
v  ~StubRoutines::call_stub
V  [jvm.dll+0x147285]
V  [jvm.dll+0x20d19e]
V  [jvm.dll+0x14731e]
V  [jvm.dll+0xb3c16]
V  [jvm.dll+0xb5151]
V  [jvm.dll+0xb5328]
V  [jvm.dll+0x78950]
V  [jvm.dll+0x796da]
V  [jvm.dll+0x75067]
j  java.lang.Runtime.loadLibrary0(Ljava/lang/Class;Ljava/lang/String;)V+14
j  java.lang.System.loadLibrary(Ljava/lang/String;)V+7
j  java.lang.System.initializeSystemClass()V+113
v  ~StubRoutines::call_stub
V  [jvm.dll+0x147285]
V  [jvm.dll+0x20d19e]
V  [jvm.dll+0x14731e]
V  [jvm.dll+0x1478a1]
V  [jvm.dll+0x14790d]
V  [jvm.dll+0x164bcd]
V  [jvm.dll+0x169d3d]
V  [jvm.dll+0xdaea1]
C  [java.exe+0x13d7]
C  [java.exe+0x1eaa]
C  [java.exe+0xab91]
C  [java.exe+0xac1b]
C  [KERNEL32.DLL+0x1919f]
C  [ntdll.dll+0x50bbb]
C  [ntdll.dll+0x50b91]
C  0x00000000

Java frames: (J=compiled Java code, j=interpreted, Vv=VM code)
j  java.io.WinNTFileSystem.initIDs()V+0
j  java.io.WinNTFileSystem.<clinit>()V+8
v  ~StubRoutines::call_stub
j  java.io.DefaultFileSystem.getFileSystem()Ljava/io/FileSystem;+0
j  java.io.File.<clinit>()V+16
v  ~StubRoutines::call_stub
j  java.lang.Runtime.loadLibrary0(Ljava/lang/Class;Ljava/lang/String;)V+14
j  java.lang.System.loadLibrary(Ljava/lang/String;)V+7
j  java.lang.System.initializeSystemClass()V+113
v  ~StubRoutines::call_stub

---------------  P R O C E S S  ---------------

Java Threads: ( => current thread )
  0x44b53c00 JavaThread "Finalizer" daemon [_thread_blocked, id=69412, stack(0x44d90000,0x44de0000)]
  0x00d7c800 JavaThread "Reference Handler" daemon [_thread_blocked, id=66160, stack(0x44b00000,0x44b50000)]
=>0x00c7c000 JavaThread "main" [_thread_in_native, id=71104, stack(0x00bf0000,0x00c40000)]

Other Threads:
  0x00d79c00 VMThread [stack: 0x44a70000,0x44ac0000] [id=68924]

VM state:not at safepoint (normal execution)

VM Mutex/Monitor currently owned by a thread: None

Heap:
 def new generation   total 4928K, used 265K [0x04400000, 0x04950000, 0x19950000)
  eden space 4416K,   6% used [0x04400000, 0x044424a8, 0x04850000)
  from space 512K,   0% used [0x04850000, 0x04850000, 0x048d0000)
  to   space 512K,   0% used [0x048d0000, 0x048d0000, 0x04950000)
 tenured generation   total 10944K, used 0K [0x19950000, 0x1a400000, 0x44400000)
   the space 10944K,   0% used [0x19950000, 0x19950000, 0x19950200, 0x1a400000)
 Metaspace       used 953K, capacity 2240K, committed 2240K, reserved 4480K

Card table byte_map: [0x44400000,0x44610000] byte_map_base: 0x443de000

Polling page: 0x008e0000

CodeCache: size=32768Kb used=337Kb max_used=337Kb free=32430Kb
 bounds [0x02210000, 0x02268000, 0x04210000]
 total_blobs=82 nmethods=0 adapters=60
 compilation: enabled

Compilation events (0 events):
No events

GC Heap History (0 events):
No events

Deoptimization events (0 events):
No events

Internal exceptions (2 events):
Event: 0.023 Thread 0x00c7c000 Exception <a 'java/lang/NoSuchMethodError': Method sun.misc.Unsafe.defineClass(Ljava/lang/String;[BII)Ljava/lang/Class; name or signature does not match> (0x0440fbb8) thrown at [C:\re\workspace\8-2-build-windows-i586-cygwin\jdk8u25\1677\hotspot\src\share\vÈcÅ˜ó?
Event: 0.023 Thread 0x00c7c000 Exception <a 'java/lang/NoSuchMethodError': Method sun.misc.Unsafe.prefetchRead(Ljava/lang/Object;J)V name or signature does not match> (0x0440fe38) thrown at [C:\re\workspace\8-2-build-windows-i586-cygwin\jdk8u25\1677\hotspot\src\share\vm\prims\jni.cpp, l

Events (10 events):
Event: 0.030 loading class java/io/BufferedWriter
Event: 0.030 loading class java/io/BufferedWriter done
Event: 0.030 loading class java/io/File
Event: 0.030 loading class java/io/File done
Event: 0.030 loading class java/io/DefaultFileSystem
Event: 0.030 loading class java/io/DefaultFileSystem done
Event: 0.030 loading class java/io/WinNTFileSystem
Event: 0.030 loading class java/io/FileSystem
Event: 0.030 loading class java/io/FileSystem done
Event: 0.030 loading class java/io/WinNTFileSystem done


Dynamic libraries:
0x00de0000 - 0x00e10000 	C:\Java\bin\java.exe
0x77b70000 - 0x77cd7000 	C:\Windows\SYSTEM32\ntdll.dll
0x76b00000 - 0x76c40000 	C:\Windows\SYSTEM32\KERNEL32.DLL
0x75590000 - 0x75660000 	C:\Windows\SYSTEM32\KERNELBASE.dll
0x61490000 - 0x61529000 	C:\Windows\system32\apphelp.dll
0x662d0000 - 0x66529000 	C:\Windows\AppPatch\AcGenral.DLL
0x776e0000 - 0x7779e000 	C:\Windows\SYSTEM32\msvcrt.dll
0x77a50000 - 0x77a8e000 	C:\Windows\SYSTEM32\sechost.dll
0x75570000 - 0x7558d000 	C:\Windows\SYSTEM32\SspiCli.dll
0x76920000 - 0x76961000 	C:\Windows\SYSTEM32\SHLWAPI.dll
0x72010000 - 0x720eb000 	C:\Windows\SYSTEM32\UxTheme.dll
0x77290000 - 0x773dc000 	C:\Windows\SYSTEM32\USER32.dll
0x77930000 - 0x77a37000 	C:\Windows\SYSTEM32\GDI32.dll
0x74480000 - 0x744a0000 	C:\Windows\SYSTEM32\WINMM.dll
0x6ad50000 - 0x6ad62000 	C:\Windows\SYSTEM32\samcli.dll
0x77180000 - 0x7728c000 	C:\Windows\SYSTEM32\ole32.dll
0x77590000 - 0x77625000 	C:\Windows\SYSTEM32\OLEAUT32.dll
0x71ea0000 - 0x71eb5000 	C:\Windows\SYSTEM32\MSACM32.dll
0x74f90000 - 0x74f98000 	C:\Windows\SYSTEM32\VERSION.dll
0x756e0000 - 0x76897000 	C:\Windows\SYSTEM32\SHELL32.dll
0x754e0000 - 0x754f9000 	C:\Windows\SYSTEM32\USERENV.dll
0x72160000 - 0x72178000 	C:\Windows\SYSTEM32\dwmapi.dll
0x72800000 - 0x7294a000 	C:\Windows\SYSTEM32\urlmon.dll
0x76c40000 - 0x76cb8000 	C:\Windows\SYSTEM32\ADVAPI32.dll
0x71d60000 - 0x71dbe000 	C:\Windows\SYSTEM32\WINSPOOL.DRV
0x74f70000 - 0x74f84000 	C:\Windows\SYSTEM32\MPR.dll
0x770d0000 - 0x77180000 	C:\Windows\SYSTEM32\RPCRT4.dll
0x75560000 - 0x75569000 	C:\Windows\SYSTEM32\CRYPTBASE.dll
0x76cc0000 - 0x76e0e000 	C:\Windows\SYSTEM32\combase.dll
0x740e0000 - 0x74100000 	C:\Windows\SYSTEM32\WINMMBASE.dll
0x75380000 - 0x7538e000 	C:\Windows\SYSTEM32\profapi.dll
0x725c0000 - 0x727f2000 	C:\Windows\SYSTEM32\iertutil.dll
0x723e0000 - 0x725b5000 	C:\Windows\SYSTEM32\WININET.dll
0x75500000 - 0x75552000 	C:\Windows\SYSTEM32\bcryptPrimitives.dll
0x777a0000 - 0x777da000 	C:\Windows\SYSTEM32\cfgmgr32.dll
0x740c0000 - 0x740df000 	C:\Windows\SYSTEM32\DEVOBJ.dll
0x75300000 - 0x75376000 	C:\Windows\SYSTEM32\SHCORE.DLL
0x768f0000 - 0x76915000 	C:\Windows\system32\IMM32.DLL
0x76e80000 - 0x76f77000 	C:\Windows\SYSTEM32\MSCTF.dll
0x73c20000 - 0x73e06000 	C:\Windows\WinSxS\x86_microsoft.windows.common-controls_6595b64144ccf1df_6.0.9600.17031_none_a9efdb8b01377ea7\COMCTL32.dll
0x66d00000 - 0x66dbf000 	C:\Java\bin\msvcr100.dll
0x65f20000 - 0x662c4000 	C:\Java\bin\client\jvm.dll
0x73b80000 - 0x73b88000 	C:\Windows\SYSTEM32\WSOCK32.dll
0x76e70000 - 0x76e76000 	C:\Windows\SYSTEM32\PSAPI.DLL
0x768a0000 - 0x768ed000 	C:\Windows\SYSTEM32\WS2_32.dll
0x770c0000 - 0x770c7000 	C:\Windows\SYSTEM32\NSI.dll
0x66cf0000 - 0x66cfc000 	C:\Java\bin\verify.dll
0x66cc0000 - 0x66ce1000 	C:\Java\bin\java.dll
0x66ca0000 - 0x66cb3000 	C:\Java\bin\zip.dll
0x66c10000 - 0x66c99000 	C:\Program Files (x86)\Common Files\G Data\AVKProxy\ExploitProtection.dll
0x75390000 - 0x754d8000 	C:\Windows\SYSTEM32\dbghelp.dll
0x73f60000 - 0x73f68000 	C:\Windows\SYSTEM32\FltLib.dll

VM Arguments:
jvm_args: -Xmx1024M -Dcom.android.sdkmanager.toolsdir=E:/Programy/AndroidSDK/adt-bundle-windows-x86_64-20140702/sdk\tools -Dfile.encoding=UTF8 
java_command: C:/Programowanie/Unity/Editor/Data/BuildTargetTools/AndroidPlayer\sdktools.jar -
java_class_path (initial): C:/Programowanie/Unity/Editor/Data/BuildTargetTools/AndroidPlayer\sdktools.jar
Launcher Type: SUN_STANDARD

Environment Variables:
PATH=C:\WinAVR-20100110\bin;C:\WinAVR-20100110\utils\bin;C:\Java\bin;C:\ProgramData\Oracle\Java\javapath;C:\MinGW\bin;C:\MinGW\libexec\gcc\x86_64-pc-mingw32\4.9.1;C:\Program Files (x86)\Intel\iCLS Client\;C:\Program Files\Intel\iCLS Client\;C:\Windows\system32;C:\Windows;C:\Windows\System32\Wbem;C:\Windows\System32\WindowsPowerShell\v1.0\;C:\Program Files\Intel\Intel(R) Management Engine Components\DAL;C:\Program Files\Intel\Intel(R) Management Engine Components\IPT;C:\Program Files (x86)\Intel\Intel(R) Management Engine Components\DAL;C:\Program Files (x86)\Intel\Intel(R) Management Engine Components\IPT;C:\Program Files (x86)\ATI Technologies\ATI.ACE\Core-Static;C:\cygwin64\bin
USERNAME=lemur_000
OS=Windows_NT
PROCESSOR_IDENTIFIER=Intel64 Family 6 Model 60 Stepping 3, GenuineIntel



---------------  S Y S T E M  ---------------

OS: Windows 8.1 , 64 bit Build 9600 

CPU:total 8 (4 cores per cpu, 2 threads per core) family 6 model 60 stepping 3, cmov, cx8, fxsr, mmx, sse, sse2, sse3, ssse3, sse4.1, sse4.2, popcnt, avx, avx2, aes, clmul, erms, lzcnt, ht, tsc, tscinvbit, bmi1, bmi2

Memory: 4k page, physical 8302956k(5117756k free), swap 9613676k(5458260k free)

vm_info: Java HotSpot(TM) Client VM (25.25-b02) for windows-x86 JRE (1.8.0_25-b18), built on Oct  7 2014 14:31:05 by "java_re" with MS VC++ 10.0 (VS2010)

time: Sun Feb 08 17:53:35 2015
elapsed time: 0 seconds (0d 0h 0m 0s)

